<?xml version="1.0" encoding="UTF-8"?>
<testng-results ignored="2" total="3" passed="0" failed="0" skipped="1">
  <reporter-output>
  </reporter-output>
  <suite started-at="2023-01-12T16:55:18 GMT" name="Suite" finished-at="2023-01-12T16:55:19 GMT" duration-ms="848">
    <groups>
    </groups>
    <test started-at="2023-01-12T16:55:18 GMT" name="Test" finished-at="2023-01-12T16:55:19 GMT" duration-ms="848">
      <class name="com.qa.tests.LoginTests">
        <test-method is-config="true" signature="beforeTest(java.lang.String,java.lang.String,java.lang.String,java.lang.String,java.lang.String)[pri:0, instance:com.qa.tests.LoginTests@3f191845]" started-at="2023-01-12T16:55:18 GMT" name="beforeTest" finished-at="2023-01-12T16:55:19 GMT" duration-ms="812" status="FAIL">
          <params>
            <param index="0">
              <value>
                <![CDATA[false]]>
              </value>
            </param>
            <param index="1">
              <value>
                <![CDATA[iOS]]>
              </value>
            </param>
            <param index="2">
              <value>
                <![CDATA[16.11]]>
              </value>
            </param>
            <param index="3">
              <value>
                <![CDATA[iPhone 12 Pro]]>
              </value>
            </param>
            <param index="4">
              <value>
                <![CDATA[00008101-001A2C123CDB001E]]>
              </value>
            </param>
          </params>
          <exception class="org.openqa.selenium.SessionNotCreatedException">
            <message>
              <![CDATA[Could not start a new session. Response code 500. Message: An unknown server-side error occurred while processing the command. Original error: Real device architecture is unsupported by the '/Users/nikunjthakur/Desktop/TDDFrameworkNik/src/test/resources//app/MyRNDemoApp.app' application. Make sure the correct deployment target has been selected for its compilation in Xcode. 
Host info: host: 'Nikunjs-MBP.broadband', ip: 'fe80:0:0:0:c80:5d48:db40:ad4d%en0'
Build info: version: '4.7.2', revision: '4d4020c3b7'
System info: os.name: 'Mac OS X', os.arch: 'x86_64', os.version: '12.6', java.version: '17.0.5'
Driver info: io.appium.java_client.ios.IOSDriver
Command: [null, newSession {capabilities=[{appium:app=/Users/nikunjthakur/Desktop/TDDFrameworkNik/src/test/resources//app/MyRNDemoApp.app, appium:automationName=XCUITest, appium:bundleId=com.saucelabs.mydemoapp.rn, appium:deviceName=iPhone 12 Pro, appium:newCommandTimeout=180, platformName=IOS, appium:platformVersion=16.11, appium:udid=00008101-001A2C123CDB001E}], desiredCapabilities=Capabilities {app: /Users/nikunjthakur/Desktop..., automationName: XCUITest, bundleId: com.saucelabs.mydemoapp.rn, deviceName: iPhone 12 Pro, newCommandTimeout: 180, platformName: IOS, platformVersion: 16.11, udid: 00008101-001A2C123CDB001E}}]
Capabilities {}]]>
            </message>
            <full-stacktrace>
              <![CDATA[org.openqa.selenium.SessionNotCreatedException: Could not start a new session. Response code 500. Message: An unknown server-side error occurred while processing the command. Original error: Real device architecture is unsupported by the '/Users/nikunjthakur/Desktop/TDDFrameworkNik/src/test/resources//app/MyRNDemoApp.app' application. Make sure the correct deployment target has been selected for its compilation in Xcode. 
Host info: host: 'Nikunjs-MBP.broadband', ip: 'fe80:0:0:0:c80:5d48:db40:ad4d%en0'
Build info: version: '4.7.2', revision: '4d4020c3b7'
System info: os.name: 'Mac OS X', os.arch: 'x86_64', os.version: '12.6', java.version: '17.0.5'
Driver info: io.appium.java_client.ios.IOSDriver
Command: [null, newSession {capabilities=[{appium:app=/Users/nikunjthakur/Desktop/TDDFrameworkNik/src/test/resources//app/MyRNDemoApp.app, appium:automationName=XCUITest, appium:bundleId=com.saucelabs.mydemoapp.rn, appium:deviceName=iPhone 12 Pro, appium:newCommandTimeout=180, platformName=IOS, appium:platformVersion=16.11, appium:udid=00008101-001A2C123CDB001E}], desiredCapabilities=Capabilities {app: /Users/nikunjthakur/Desktop..., automationName: XCUITest, bundleId: com.saucelabs.mydemoapp.rn, deviceName: iPhone 12 Pro, newCommandTimeout: 180, platformName: IOS, platformVersion: 16.11, udid: 00008101-001A2C123CDB001E}}]
Capabilities {}
at org.openqa.selenium.remote.ProtocolHandshake.createSession(ProtocolHandshake.java:148)
at java.base/jdk.internal.reflect.NativeMethodAccessorImpl.invoke0(Native Method)
at java.base/jdk.internal.reflect.NativeMethodAccessorImpl.invoke(NativeMethodAccessorImpl.java:77)
at java.base/jdk.internal.reflect.DelegatingMethodAccessorImpl.invoke(DelegatingMethodAccessorImpl.java:43)
at java.base/java.lang.reflect.Method.invoke(Method.java:568)
at io.appium.java_client.remote.AppiumProtocolHandshake.createSession(AppiumProtocolHandshake.java:133)
at io.appium.java_client.remote.AppiumProtocolHandshake.createSession(AppiumProtocolHandshake.java:102)
at io.appium.java_client.remote.AppiumCommandExecutor.createSession(AppiumCommandExecutor.java:194)
at io.appium.java_client.remote.AppiumCommandExecutor.execute(AppiumCommandExecutor.java:262)
at org.openqa.selenium.remote.RemoteWebDriver.execute(RemoteWebDriver.java:535)
at io.appium.java_client.AppiumDriver.startSession(AppiumDriver.java:229)
at org.openqa.selenium.remote.RemoteWebDriver.<init>(RemoteWebDriver.java:156)
at io.appium.java_client.AppiumDriver.<init>(AppiumDriver.java:80)
at io.appium.java_client.AppiumDriver.<init>(AppiumDriver.java:92)
at io.appium.java_client.ios.IOSDriver.<init>(IOSDriver.java:106)
at com.qa.BaseTest.beforeTest(BaseTest.java:126)
at java.base/jdk.internal.reflect.NativeMethodAccessorImpl.invoke0(Native Method)
at java.base/jdk.internal.reflect.NativeMethodAccessorImpl.invoke(NativeMethodAccessorImpl.java:77)
at java.base/jdk.internal.reflect.DelegatingMethodAccessorImpl.invoke(DelegatingMethodAccessorImpl.java:43)
at java.base/java.lang.reflect.Method.invoke(Method.java:568)
at org.testng.internal.MethodInvocationHelper.invokeMethod(MethodInvocationHelper.java:133)
at org.testng.internal.MethodInvocationHelper.invokeMethodConsideringTimeout(MethodInvocationHelper.java:62)
at org.testng.internal.ConfigInvoker.invokeConfigurationMethod(ConfigInvoker.java:385)
at org.testng.internal.ConfigInvoker.invokeConfigurations(ConfigInvoker.java:321)
at org.testng.TestRunner.invokeTestConfigurations(TestRunner.java:637)
at org.testng.TestRunner.beforeRun(TestRunner.java:627)
at org.testng.TestRunner.run(TestRunner.java:589)
at org.testng.SuiteRunner.runTest(SuiteRunner.java:377)
at org.testng.SuiteRunner.runSequentially(SuiteRunner.java:371)
at org.testng.SuiteRunner.privateRun(SuiteRunner.java:332)
at org.testng.SuiteRunner.run(SuiteRunner.java:276)
at org.testng.SuiteRunnerWorker.runSuite(SuiteRunnerWorker.java:53)
at org.testng.SuiteRunnerWorker.run(SuiteRunnerWorker.java:96)
at org.testng.TestNG.runSuitesSequentially(TestNG.java:1212)
at org.testng.TestNG.runSuitesLocally(TestNG.java:1134)
at org.testng.TestNG.runSuites(TestNG.java:1063)
at org.testng.TestNG.run(TestNG.java:1031)
at org.testng.remote.AbstractRemoteTestNG.run(AbstractRemoteTestNG.java:115)
at org.testng.remote.RemoteTestNG.initAndRun(RemoteTestNG.java:251)
at org.testng.remote.RemoteTestNG.main(RemoteTestNG.java:77)
]]>
            </full-stacktrace>
          </exception> <!-- org.openqa.selenium.SessionNotCreatedException -->
          <reporter-output>
          </reporter-output>
        </test-method> <!-- beforeTest -->
        <test-method is-config="true" signature="beforeClass()[pri:0, instance:com.qa.tests.LoginTests@3f191845]" started-at="2023-01-12T16:55:19 GMT" name="beforeClass" finished-at="1970-01-01T01:00:00 GMT" duration-ms="-1673542519799" status="SKIP">
          <reporter-output>
          </reporter-output>
        </test-method> <!-- beforeClass -->
        <test-method is-config="true" signature="beforeMethod()[pri:0, instance:com.qa.tests.LoginTests@3f191845]" started-at="2023-01-12T16:55:19 GMT" name="beforeMethod" finished-at="1970-01-01T01:00:00 GMT" duration-ms="-1673542519805" status="SKIP">
          <reporter-output>
          </reporter-output>
        </test-method> <!-- beforeMethod -->
        <test-method is-config="true" signature="beforeMethod(java.lang.reflect.Method)[pri:0, instance:com.qa.tests.LoginTests@3f191845]" started-at="2023-01-12T16:55:19 GMT" name="beforeMethod" finished-at="1970-01-01T01:00:00 GMT" duration-ms="-1673542519807" status="SKIP">
          <reporter-output>
          </reporter-output>
        </test-method> <!-- beforeMethod -->
        <test-method signature="invalidUserName()[pri:0, instance:com.qa.tests.LoginTests@3f191845]" started-at="2023-01-12T16:55:19 GMT" name="invalidUserName" finished-at="2023-01-12T16:55:19 GMT" duration-ms="0" status="SKIP">
          <exception class="org.openqa.selenium.SessionNotCreatedException">
            <message>
              <![CDATA[Could not start a new session. Response code 500. Message: An unknown server-side error occurred while processing the command. Original error: Real device architecture is unsupported by the '/Users/nikunjthakur/Desktop/TDDFrameworkNik/src/test/resources//app/MyRNDemoApp.app' application. Make sure the correct deployment target has been selected for its compilation in Xcode. 
Host info: host: 'Nikunjs-MBP.broadband', ip: 'fe80:0:0:0:c80:5d48:db40:ad4d%en0'
Build info: version: '4.7.2', revision: '4d4020c3b7'
System info: os.name: 'Mac OS X', os.arch: 'x86_64', os.version: '12.6', java.version: '17.0.5'
Driver info: io.appium.java_client.ios.IOSDriver
Command: [null, newSession {capabilities=[{appium:app=/Users/nikunjthakur/Desktop/TDDFrameworkNik/src/test/resources//app/MyRNDemoApp.app, appium:automationName=XCUITest, appium:bundleId=com.saucelabs.mydemoapp.rn, appium:deviceName=iPhone 12 Pro, appium:newCommandTimeout=180, platformName=IOS, appium:platformVersion=16.11, appium:udid=00008101-001A2C123CDB001E}], desiredCapabilities=Capabilities {app: /Users/nikunjthakur/Desktop..., automationName: XCUITest, bundleId: com.saucelabs.mydemoapp.rn, deviceName: iPhone 12 Pro, newCommandTimeout: 180, platformName: IOS, platformVersion: 16.11, udid: 00008101-001A2C123CDB001E}}]
Capabilities {}]]>
            </message>
            <full-stacktrace>
              <![CDATA[org.openqa.selenium.SessionNotCreatedException: Could not start a new session. Response code 500. Message: An unknown server-side error occurred while processing the command. Original error: Real device architecture is unsupported by the '/Users/nikunjthakur/Desktop/TDDFrameworkNik/src/test/resources//app/MyRNDemoApp.app' application. Make sure the correct deployment target has been selected for its compilation in Xcode. 
Host info: host: 'Nikunjs-MBP.broadband', ip: 'fe80:0:0:0:c80:5d48:db40:ad4d%en0'
Build info: version: '4.7.2', revision: '4d4020c3b7'
System info: os.name: 'Mac OS X', os.arch: 'x86_64', os.version: '12.6', java.version: '17.0.5'
Driver info: io.appium.java_client.ios.IOSDriver
Command: [null, newSession {capabilities=[{appium:app=/Users/nikunjthakur/Desktop/TDDFrameworkNik/src/test/resources//app/MyRNDemoApp.app, appium:automationName=XCUITest, appium:bundleId=com.saucelabs.mydemoapp.rn, appium:deviceName=iPhone 12 Pro, appium:newCommandTimeout=180, platformName=IOS, appium:platformVersion=16.11, appium:udid=00008101-001A2C123CDB001E}], desiredCapabilities=Capabilities {app: /Users/nikunjthakur/Desktop..., automationName: XCUITest, bundleId: com.saucelabs.mydemoapp.rn, deviceName: iPhone 12 Pro, newCommandTimeout: 180, platformName: IOS, platformVersion: 16.11, udid: 00008101-001A2C123CDB001E}}]
Capabilities {}
at org.openqa.selenium.remote.ProtocolHandshake.createSession(ProtocolHandshake.java:148)
at java.base/jdk.internal.reflect.NativeMethodAccessorImpl.invoke0(Native Method)
at java.base/jdk.internal.reflect.NativeMethodAccessorImpl.invoke(NativeMethodAccessorImpl.java:77)
at java.base/jdk.internal.reflect.DelegatingMethodAccessorImpl.invoke(DelegatingMethodAccessorImpl.java:43)
at java.base/java.lang.reflect.Method.invoke(Method.java:568)
at io.appium.java_client.remote.AppiumProtocolHandshake.createSession(AppiumProtocolHandshake.java:133)
at io.appium.java_client.remote.AppiumProtocolHandshake.createSession(AppiumProtocolHandshake.java:102)
at io.appium.java_client.remote.AppiumCommandExecutor.createSession(AppiumCommandExecutor.java:194)
at io.appium.java_client.remote.AppiumCommandExecutor.execute(AppiumCommandExecutor.java:262)
at org.openqa.selenium.remote.RemoteWebDriver.execute(RemoteWebDriver.java:535)
at io.appium.java_client.AppiumDriver.startSession(AppiumDriver.java:229)
at org.openqa.selenium.remote.RemoteWebDriver.<init>(RemoteWebDriver.java:156)
at io.appium.java_client.AppiumDriver.<init>(AppiumDriver.java:80)
at io.appium.java_client.AppiumDriver.<init>(AppiumDriver.java:92)
at io.appium.java_client.ios.IOSDriver.<init>(IOSDriver.java:106)
at com.qa.BaseTest.beforeTest(BaseTest.java:126)
at java.base/jdk.internal.reflect.NativeMethodAccessorImpl.invoke0(Native Method)
at java.base/jdk.internal.reflect.NativeMethodAccessorImpl.invoke(NativeMethodAccessorImpl.java:77)
at java.base/jdk.internal.reflect.DelegatingMethodAccessorImpl.invoke(DelegatingMethodAccessorImpl.java:43)
at java.base/java.lang.reflect.Method.invoke(Method.java:568)
at org.testng.internal.MethodInvocationHelper.invokeMethod(MethodInvocationHelper.java:133)
at org.testng.internal.MethodInvocationHelper.invokeMethodConsideringTimeout(MethodInvocationHelper.java:62)
at org.testng.internal.ConfigInvoker.invokeConfigurationMethod(ConfigInvoker.java:385)
at org.testng.internal.ConfigInvoker.invokeConfigurations(ConfigInvoker.java:321)
at org.testng.TestRunner.invokeTestConfigurations(TestRunner.java:637)
at org.testng.TestRunner.beforeRun(TestRunner.java:627)
at org.testng.TestRunner.run(TestRunner.java:589)
at org.testng.SuiteRunner.runTest(SuiteRunner.java:377)
at org.testng.SuiteRunner.runSequentially(SuiteRunner.java:371)
at org.testng.SuiteRunner.privateRun(SuiteRunner.java:332)
at org.testng.SuiteRunner.run(SuiteRunner.java:276)
at org.testng.SuiteRunnerWorker.runSuite(SuiteRunnerWorker.java:53)
at org.testng.SuiteRunnerWorker.run(SuiteRunnerWorker.java:96)
at org.testng.TestNG.runSuitesSequentially(TestNG.java:1212)
at org.testng.TestNG.runSuitesLocally(TestNG.java:1134)
at org.testng.TestNG.runSuites(TestNG.java:1063)
at org.testng.TestNG.run(TestNG.java:1031)
at org.testng.remote.AbstractRemoteTestNG.run(AbstractRemoteTestNG.java:115)
at org.testng.remote.RemoteTestNG.initAndRun(RemoteTestNG.java:251)
at org.testng.remote.RemoteTestNG.main(RemoteTestNG.java:77)
]]>
            </full-stacktrace>
          </exception> <!-- org.openqa.selenium.SessionNotCreatedException -->
          <reporter-output>
          </reporter-output>
        </test-method> <!-- invalidUserName -->
        <test-method is-config="true" signature="afterMethod()[pri:0, instance:com.qa.tests.LoginTests@3f191845]" started-at="2023-01-12T16:55:19 GMT" name="afterMethod" finished-at="1970-01-01T01:00:00 GMT" duration-ms="-1673542519812" status="SKIP">
          <reporter-output>
          </reporter-output>
        </test-method> <!-- afterMethod -->
        <test-method is-config="true" signature="afterMethod(org.testng.ITestResult)[pri:0, instance:com.qa.tests.LoginTests@3f191845]" started-at="2023-01-12T16:55:19 GMT" name="afterMethod" finished-at="1970-01-01T01:00:00 GMT" duration-ms="-1673542519814" status="SKIP">
          <reporter-output>
          </reporter-output>
        </test-method> <!-- afterMethod -->
        <test-method is-config="true" signature="afterClass()[pri:0, instance:com.qa.tests.LoginTests@3f191845]" started-at="2023-01-12T16:55:19 GMT" name="afterClass" finished-at="1970-01-01T01:00:00 GMT" duration-ms="-1673542519815" status="SKIP">
          <reporter-output>
          </reporter-output>
        </test-method> <!-- afterClass -->
        <test-method is-config="true" signature="afterTest()[pri:0, instance:com.qa.tests.LoginTests@3f191845]" started-at="2023-01-12T16:55:19 GMT" name="afterTest" finished-at="1970-01-01T01:00:00 GMT" duration-ms="-1673542519817" status="SKIP">
          <reporter-output>
          </reporter-output>
        </test-method> <!-- afterTest -->
      </class> <!-- com.qa.tests.LoginTests -->
    </test> <!-- Test -->
  </suite> <!-- Suite -->
</testng-results>
