<?xml version="1.0" encoding="UTF-8"?>
<!-- Generated by org.testng.reporters.JUnitReportReporter -->
<testsuite hostname="Nikunjs-MBP.broadband" failures="0" tests="2" name="com.qa.tests.LoginTests" time="0.812" errors="1" timestamp="2023-01-12T16:55:19 GMT" skipped="1">
  <testcase classname="com.qa.tests.LoginTests" name="beforeTest" time="0.812">
    <error message="Could not start a new session. Response code 500. Message: An unknown server-side error occurred while processing the command. Original error: Real device architecture is unsupported by the &#039;/Users/nikunjthakur/Desktop/TDDFrameworkNik/src/test/resources//app/MyRNDemoApp.app&#039; application. Make sure the correct deployment target has been selected for its compilation in Xcode. 
Host info: host: &#039;Nikunjs-MBP.broadband&#039;, ip: &#039;fe80:0:0:0:c80:5d48:db40:ad4d%en0&#039;
Build info: version: &#039;4.7.2&#039;, revision: &#039;4d4020c3b7&#039;
System info: os.name: &#039;Mac OS X&#039;, os.arch: &#039;x86_64&#039;, os.version: &#039;12.6&#039;, java.version: &#039;17.0.5&#039;
Driver info: io.appium.java_client.ios.IOSDriver
Command: [null, newSession {capabilities=[{appium:app=/Users/nikunjthakur/Desktop/TDDFrameworkNik/src/test/resources//app/MyRNDemoApp.app, appium:automationName=XCUITest, appium:bundleId=com.saucelabs.mydemoapp.rn, appium:deviceName=iPhone 12 Pro, appium:newCommandTimeout=180, platformName=IOS, appium:platformVersion=16.11, appium:udid=00008101-001A2C123CDB001E}], desiredCapabilities=Capabilities {app: /Users/nikunjthakur/Desktop..., automationName: XCUITest, bundleId: com.saucelabs.mydemoapp.rn, deviceName: iPhone 12 Pro, newCommandTimeout: 180, platformName: IOS, platformVersion: 16.11, udid: 00008101-001A2C123CDB001E}}]
Capabilities {}" type="org.openqa.selenium.SessionNotCreatedException">
      <![CDATA[org.openqa.selenium.SessionNotCreatedException: Could not start a new session. Response code 500. Message: An unknown server-side error occurred while processing the command. Original error: Real device architecture is unsupported by the '/Users/nikunjthakur/Desktop/TDDFrameworkNik/src/test/resources//app/MyRNDemoApp.app' application. Make sure the correct deployment target has been selected for its compilation in Xcode. 
Host info: host: 'Nikunjs-MBP.broadband', ip: 'fe80:0:0:0:c80:5d48:db40:ad4d%en0'
Build info: version: '4.7.2', revision: '4d4020c3b7'
System info: os.name: 'Mac OS X', os.arch: 'x86_64', os.version: '12.6', java.version: '17.0.5'
Driver info: io.appium.java_client.ios.IOSDriver
Command: [null, newSession {capabilities=[{appium:app=/Users/nikunjthakur/Desktop/TDDFrameworkNik/src/test/resources//app/MyRNDemoApp.app, appium:automationName=XCUITest, appium:bundleId=com.saucelabs.mydemoapp.rn, appium:deviceName=iPhone 12 Pro, appium:newCommandTimeout=180, platformName=IOS, appium:platformVersion=16.11, appium:udid=00008101-001A2C123CDB001E}], desiredCapabilities=Capabilities {app: /Users/nikunjthakur/Desktop..., automationName: XCUITest, bundleId: com.saucelabs.mydemoapp.rn, deviceName: iPhone 12 Pro, newCommandTimeout: 180, platformName: IOS, platformVersion: 16.11, udid: 00008101-001A2C123CDB001E}}]
Capabilities {}
at org.openqa.selenium.remote.ProtocolHandshake.createSession(ProtocolHandshake.java:148)
at java.base/jdk.internal.reflect.NativeMethodAccessorImpl.invoke0(Native Method)
at java.base/jdk.internal.reflect.NativeMethodAccessorImpl.invoke(NativeMethodAccessorImpl.java:77)
at java.base/jdk.internal.reflect.DelegatingMethodAccessorImpl.invoke(DelegatingMethodAccessorImpl.java:43)
at java.base/java.lang.reflect.Method.invoke(Method.java:568)
at io.appium.java_client.remote.AppiumProtocolHandshake.createSession(AppiumProtocolHandshake.java:133)
at io.appium.java_client.remote.AppiumProtocolHandshake.createSession(AppiumProtocolHandshake.java:102)
at io.appium.java_client.remote.AppiumCommandExecutor.createSession(AppiumCommandExecutor.java:194)
at io.appium.java_client.remote.AppiumCommandExecutor.execute(AppiumCommandExecutor.java:262)
at org.openqa.selenium.remote.RemoteWebDriver.execute(RemoteWebDriver.java:535)
at io.appium.java_client.AppiumDriver.startSession(AppiumDriver.java:229)
at org.openqa.selenium.remote.RemoteWebDriver.<init>(RemoteWebDriver.java:156)
at io.appium.java_client.AppiumDriver.<init>(AppiumDriver.java:80)
at io.appium.java_client.AppiumDriver.<init>(AppiumDriver.java:92)
at io.appium.java_client.ios.IOSDriver.<init>(IOSDriver.java:106)
at com.qa.BaseTest.beforeTest(BaseTest.java:126)
at java.base/jdk.internal.reflect.NativeMethodAccessorImpl.invoke0(Native Method)
at java.base/jdk.internal.reflect.NativeMethodAccessorImpl.invoke(NativeMethodAccessorImpl.java:77)
at java.base/jdk.internal.reflect.DelegatingMethodAccessorImpl.invoke(DelegatingMethodAccessorImpl.java:43)
at java.base/java.lang.reflect.Method.invoke(Method.java:568)
at org.testng.internal.MethodInvocationHelper.invokeMethod(MethodInvocationHelper.java:133)
at org.testng.internal.MethodInvocationHelper.invokeMethodConsideringTimeout(MethodInvocationHelper.java:62)
at org.testng.internal.ConfigInvoker.invokeConfigurationMethod(ConfigInvoker.java:385)
at org.testng.internal.ConfigInvoker.invokeConfigurations(ConfigInvoker.java:321)
at org.testng.TestRunner.invokeTestConfigurations(TestRunner.java:637)
at org.testng.TestRunner.beforeRun(TestRunner.java:627)
at org.testng.TestRunner.run(TestRunner.java:589)
at org.testng.SuiteRunner.runTest(SuiteRunner.java:377)
at org.testng.SuiteRunner.runSequentially(SuiteRunner.java:371)
at org.testng.SuiteRunner.privateRun(SuiteRunner.java:332)
at org.testng.SuiteRunner.run(SuiteRunner.java:276)
at org.testng.SuiteRunnerWorker.runSuite(SuiteRunnerWorker.java:53)
at org.testng.SuiteRunnerWorker.run(SuiteRunnerWorker.java:96)
at org.testng.TestNG.runSuitesSequentially(TestNG.java:1212)
at org.testng.TestNG.runSuitesLocally(TestNG.java:1134)
at org.testng.TestNG.runSuites(TestNG.java:1063)
at org.testng.TestNG.run(TestNG.java:1031)
at org.testng.remote.AbstractRemoteTestNG.run(AbstractRemoteTestNG.java:115)
at org.testng.remote.RemoteTestNG.initAndRun(RemoteTestNG.java:251)
at org.testng.remote.RemoteTestNG.main(RemoteTestNG.java:77)
]]>
    </error>
  </testcase> <!-- beforeTest -->
  <system-out/>
  <testcase classname="com.qa.tests.LoginTests" name="invalidUserName" time="0.000">
    <skipped/>
  </testcase> <!-- invalidUserName -->
  <system-out/>
</testsuite> <!-- com.qa.tests.LoginTests -->
